<?xml version="1.0" encoding="UTF-8"?>
<!-- Generated by org.testng.reporters.JUnitReportReporter -->
<testsuite hostname="DESKTOP-RTJ0247" failures="0" tests="4" name="testng.testngkeyword" time="0.026" errors="0" timestamp="2024-11-29T11:30:28 IST" skipped="0">
  <testcase classname="testng.testngkeyword" name="mul" time="0.002"/>
  <system-out/>
  <testcase classname="testng.testngkeyword" name="div" time="0.003"/>
  <system-out/>
  <testcase classname="testng.testngkeyword" name="sub" time="0.002"/>
  <system-out/>
  <testcase classname="testng.testngkeyword" name="add" time="0.019"/>
  <system-out/>
</testsuite> <!-- testng.testngkeyword -->
