<?xml version="1.0" encoding="UTF-8"?>
<!-- Generated by org.testng.reporters.JUnitReportReporter -->
<testsuite hostname="DESKTOP-RTJ0247" failures="0" tests="1" name="testng.example1testng" time="5.661" errors="0" timestamp="2024-11-30T15:58:36 IST" skipped="0">
  <testcase classname="testng.example1testng" name="kitelogin" time="5.661"/>
  <system-out>
    <![CDATA[hi Good morning]]>
  </system-out>
</testsuite> <!-- testng.example1testng -->
