<?xml version="1.0" encoding="UTF-8"?>
<!-- Generated by org.testng.reporters.JUnitReportReporter -->
<testsuite hostname="DESKTOP-RTJ0247" failures="0" tests="1" name="testng.testannotation" time="0.013" errors="0" timestamp="2024-11-29T10:54:14 IST" skipped="0">
  <testcase classname="testng.testannotation" name="TC3" time="0.013"/>
  <system-out>
    <![CDATA[TC3]]>
  </system-out>
</testsuite> <!-- testng.testannotation -->
